info it worked if it ends with ok
verbose cli [ 'node',
verbose cli   '/usr/local/bin/npm',
verbose cli   'install',
verbose cli   '-g',
verbose cli   'coffeescript-growl' ]
info using npm@1.1.1
info using node@v0.6.10
verbose config file /root/.npmrc
verbose config file /usr/local/etc/npmrc
verbose config file /usr/local/lib/node_modules/npm/npmrc
silly exec /usr/local/bin/node "/usr/local/lib/node_modules/npm/bin/npm-get-uid-gid.js" "nobody" 0
silly spawning [ '/usr/local/bin/node',
silly spawning   [ '/usr/local/lib/node_modules/npm/bin/npm-get-uid-gid.js',
silly spawning     'nobody',
silly spawning     0 ],
silly spawning   null ]
silly output from getuid/gid {"uid":65534,"gid":0}
silly output from getuid/gid 
verbose cache add [ 'coffeescript-growl', null ]
silly cache add: name, spec, args [ undefined,
silly cache add: name, spec, args   'coffeescript-growl',
silly cache add: name, spec, args   [ 'coffeescript-growl', null ] ]
verbose parsed url { pathname: 'coffeescript-growl',
verbose parsed url   path: 'coffeescript-growl',
verbose parsed url   href: 'coffeescript-growl' }
verbose addNamed [ 'coffeescript-growl', '' ]
verbose addNamed [ null, '' ]
silly name, range, hasData [ 'coffeescript-growl', '', false ]
verbose raw, before any munging coffeescript-growl
verbose url resolving [ 'https://registry.npmjs.org/', './coffeescript-growl' ]
verbose url resolved https://registry.npmjs.org/coffeescript-growl
http GET https://registry.npmjs.org/coffeescript-growl
http 200 https://registry.npmjs.org/coffeescript-growl
silly get cb [ 200,
silly get cb   { vary: 'Accept',
silly get cb     server: 'CouchDB/1.1.0 (Erlang OTP/R14B04)',
silly get cb     etag: '"4PKVT915PDGT5BGB3J1BWVINT"',
silly get cb     date: 'Tue, 21 Feb 2012 12:23:39 GMT',
silly get cb     'content-type': 'application/json',
silly get cb     'content-length': '3310' } ]
verbose mkdir (expected) error ENOENT, no such file or directory '/root/.npm/coffeescript-growl'
verbose mkdir done: /root/.npm/coffeescript-growl 755
silly name, range, hasData 2 [ 'coffeescript-growl', '', true ]
silly versions [ 'coffeescript-growl', [] ]
ERR! Error: No compatible version found: coffeescript-growl
ERR! No valid targets found.
ERR! Perhaps not compatible with your version of node?
ERR!     at installTargetsError (/usr/local/lib/node_modules/npm/lib/cache.js:488:10)
ERR!     at next_ (/usr/local/lib/node_modules/npm/lib/cache.js:438:17)
ERR!     at next (/usr/local/lib/node_modules/npm/lib/cache.js:415:44)
ERR!     at /usr/local/lib/node_modules/npm/lib/cache.js:408:5
ERR!     at saved (/usr/local/lib/node_modules/npm/lib/utils/npm-registry-client/get.js:147:7)
ERR!     at Object.oncomplete (/usr/local/lib/node_modules/npm/node_modules/graceful-fs/graceful-fs.js:231:7)
ERR! You may report this log at:
ERR!     <http://github.com/isaacs/npm/issues>
ERR! or email it to:
ERR!     <npm-@googlegroups.com>
ERR! 
ERR! System Linux 3.2.0-1-amd64
ERR! command "node" "/usr/local/bin/npm" "install" "-g" "coffeescript-growl"
ERR! cwd /home/paul/school/Javascript-Linux
ERR! node -v v0.6.10
ERR! npm -v 1.1.1
ERR! message No compatible version found: coffeescript-growl
ERR! message No valid targets found.
ERR! message Perhaps not compatible with your version of node?
verbose exit [ 1, true ]
